SF:lib/src/data/models/response/vehicle_model.dart
DA:17,1
DA:29,0
DA:30,0
DA:32,0
DA:33,0
DA:34,0
DA:35,0
DA:38,0
DA:39,0
DA:40,0
DA:41,0
LF:11
LH:1
end_of_record
SF:lib/src/data/models/response/vehicle_model.g.dart
DA:13,0
DA:15,0
DA:16,0
DA:17,0
DA:19,0
DA:20,0
DA:21,0
DA:22,0
DA:26,0
DA:29,0
DA:30,0
DA:31,0
DA:32,0
DA:33,0
DA:34,0
DA:35,0
DA:38,0
DA:39,0
DA:41,0
DA:44,0
DA:45,0
DA:46,0
DA:53,0
DA:54,0
DA:55,0
DA:56,0
DA:57,0
DA:60,0
DA:61,0
DA:62,0
DA:63,0
DA:64,0
LF:32
LH:0
end_of_record
SF:lib/src/data/datasources/local/vehicle_local_datasource.dart
DA:24,1
DA:26,1
DA:28,2
DA:30,1
DA:31,1
DA:32,1
DA:33,1
DA:35,1
DA:37,2
DA:41,1
DA:43,2
DA:44,4
DA:45,2
DA:48,1
DA:50,2
DA:52,1
DA:54,1
DA:57,1
DA:62,2
DA:63,4
DA:64,3
DA:65,1
DA:68,1
DA:70,2
LF:24
LH:24
end_of_record
SF:lib/src/data/models/request/create_vehicle_params_model.dart
DA:14,1
DA:21,0
DA:22,0
DA:24,0
DA:25,0
DA:26,0
DA:27,0
DA:30,0
DA:31,0
DA:32,0
LF:10
LH:1
end_of_record
SF:lib/src/data/models/request/create_vehicle_params_model.g.dart
DA:9,0
DA:11,0
DA:12,0
DA:13,0
DA:16,0
DA:18,0
DA:19,0
DA:20,0
LF:8
LH:0
end_of_record
SF:lib/src/data/models/request/update_vehicle_params_model.dart
DA:14,1
DA:20,0
DA:21,0
DA:23,0
DA:24,0
DA:25,0
DA:28,0
DA:29,0
LF:8
LH:1
end_of_record
SF:lib/src/data/models/request/update_vehicle_params_model.g.dart
DA:9,0
DA:11,0
DA:12,0
DA:15,0
DA:17,0
DA:18,0
LF:6
LH:0
end_of_record
SF:lib/src/data/repositories/vehicle_repository.dart
DA:14,0
DA:18,0
DA:23,0
DA:25,0
DA:29,0
DA:30,0
DA:31,0
DA:32,0
DA:34,0
DA:35,0
DA:44,0
DA:47,0
DA:49,0
DA:51,0
DA:52,0
DA:61,0
DA:64,0
DA:65,0
DA:66,0
DA:68,0
DA:69,0
DA:78,0
DA:84,0
DA:86,0
DA:88,0
DA:89,0
DA:91,0
DA:92,0
LF:28
LH:0
end_of_record
SF:lib/src/domain/usecases/create_vehicle_usecase.dart
DA:14,0
DA:16,0
DA:18,0
LF:3
LH:0
end_of_record
SF:lib/src/domain/usecases/delete_vehicle_usecase.dart
DA:13,0
DA:15,0
DA:17,0
LF:3
LH:0
end_of_record
SF:lib/src/domain/usecases/get_all_vehicles_usecase.dart
DA:14,0
DA:16,0
DA:17,0
LF:3
LH:0
end_of_record
SF:lib/src/domain/usecases/update_vehicle_usecase.dart
DA:17,0
DA:19,0
DA:24,0
LF:3
LH:0
end_of_record
SF:lib/src/vehicles_commons_module.dart
DA:7,0
DA:8,0
DA:11,0
DA:12,0
DA:14,0
DA:15,0
DA:17,0
DA:18,0
LF:8
LH:0
end_of_record
SF:lib/src/vehicles_commons_module_binds.dart
DA:13,0
DA:14,0
DA:15,0
DA:16,0
DA:17,0
DA:20,0
DA:21,0
DA:22,0
DA:26,0
DA:27,0
DA:28,0
DA:32,0
DA:33,0
DA:36,0
DA:37,0
DA:38,0
DA:40,0
DA:41,0
DA:43,0
DA:44,0
DA:46,0
DA:47,0
LF:22
LH:0
end_of_record
