SF:lib/src/presentation/theme/dimension.dart
DA:26,4
DA:30,2
DA:32,0
DA:33,0
DA:35,0
DA:36,0
DA:38,0
DA:42,3
DA:44,3
DA:46,3
DA:48,0
DA:50,1
DA:51,3
DA:53,4
DA:55,4
DA:57,3
DA:59,3
DA:61,3
DA:63,3
LF:19
LH:13
end_of_record
SF:lib/src/presentation/theme/responsive/responsive_extension.dart
DA:4,2
LF:1
LH:1
end_of_record
SF:lib/src/presentation/theme/responsive/size_config.dart
DA:7,0
DA:12,0
DA:13,0
DA:19,0
DA:21,0
DA:35,0
DA:36,0
DA:37,0
DA:38,0
DA:40,0
DA:44,0
DA:45,0
DA:49,0
DA:50,0
LF:14
LH:0
end_of_record
SF:lib/src/presentation/theme/theme_extension.dart
DA:4,2
DA:5,3
DA:6,3
DA:7,3
DA:8,0
LF:5
LH:4
end_of_record
SF:lib/src/presentation/theme/theme_factory.dart
DA:9,0
DA:11,0
DA:12,0
DA:17,0
DA:18,0
DA:19,0
DA:20,0
DA:25,0
DA:26,0
DA:27,0
DA:31,0
LF:11
LH:0
end_of_record
SF:lib/src/presentation/views/error_page/common_error_page.dart
DA:10,1
DA:15,1
DA:17,1
DA:20,1
DA:21,1
DA:22,1
DA:23,1
DA:25,1
DA:27,1
DA:28,1
DA:29,1
DA:30,1
DA:34,1
DA:35,2
DA:36,1
DA:37,2
DA:38,2
DA:42,2
DA:43,1
DA:44,2
DA:45,2
DA:53,1
DA:55,1
DA:57,1
DA:58,1
DA:59,4
DA:60,1
DA:61,1
DA:62,2
DA:64,1
DA:69,1
DA:71,2
DA:72,1
DA:73,2
DA:74,1
DA:75,2
DA:76,1
DA:77,2
DA:80,1
DA:82,2
DA:83,1
LF:41
LH:41
end_of_record
SF:lib/src/presentation/widgets/app_bars/common_app_bar.dart
DA:19,1
DA:31,0
DA:32,0
DA:33,0
LF:4
LH:1
end_of_record
SF:lib/src/presentation/widgets/app_bars/standard.dart
DA:7,1
DA:17,0
DA:19,0
DA:21,0
DA:22,0
DA:23,0
DA:25,0
DA:26,0
DA:27,0
DA:30,0
DA:31,0
DA:32,0
DA:33,0
DA:34,0
LF:14
LH:1
end_of_record
SF:lib/src/presentation/widgets/bottom_navigator/bottom_navigator_action_buttons.dart
DA:10,1
DA:16,1
DA:18,1
DA:19,1
DA:20,1
DA:21,1
DA:22,2
DA:23,2
DA:24,1
DA:25,1
DA:26,1
DA:27,1
DA:28,2
DA:29,3
DA:37,1
DA:38,1
DA:39,1
DA:40,1
DA:41,1
DA:43,1
DA:44,3
DA:45,2
DA:46,2
DA:47,2
LF:24
LH:24
end_of_record
SF:lib/src/presentation/widgets/bottom_sheet/bottom_sheet_extension.dart
DA:7,0
DA:10,0
DA:11,0
DA:12,0
DA:13,0
DA:14,0
DA:15,0
DA:16,0
DA:17,0
DA:20,0
DA:22,0
DA:23,0
DA:24,0
DA:25,0
DA:27,0
DA:28,0
DA:31,0
DA:32,0
LF:18
LH:0
end_of_record
SF:lib/src/presentation/widgets/buttons/primary_button.dart
DA:7,1
DA:12,1
DA:14,1
DA:16,1
DA:17,2
DA:18,1
DA:19,2
DA:20,1
DA:21,1
DA:22,3
DA:25,1
DA:26,0
DA:27,0
DA:29,4
LF:14
LH:12
end_of_record
SF:lib/src/presentation/widgets/buttons/text_button.dart
DA:8,1
DA:14,1
DA:16,1
DA:18,1
DA:19,2
DA:20,1
DA:21,2
DA:22,1
DA:23,1
DA:24,3
DA:27,1
DA:29,5
LF:12
LH:12
end_of_record
SF:lib/src/presentation/widgets/buttons/app_button.dart
DA:13,1
LF:1
LH:1
end_of_record
SF:lib/src/presentation/widgets/scaffolds/common_scaffold.dart
DA:16,1
LF:1
LH:1
end_of_record
SF:lib/src/presentation/widgets/scaffolds/standard.dart
DA:6,1
DA:15,1
DA:17,1
DA:19,1
DA:20,1
DA:21,1
DA:22,1
DA:23,1
DA:25,2
DA:26,1
DA:27,1
LF:11
LH:11
end_of_record
SF:lib/src/presentation/widgets/shimmer/shimmer_widget.dart
DA:11,0
DA:18,0
DA:20,0
DA:21,0
DA:22,0
DA:23,0
DA:24,0
LF:7
LH:0
end_of_record
SF:lib/src/presentation/widgets/snackbar/snackbar_extension.dart
DA:13,0
DA:14,0
DA:15,0
DA:16,0
DA:17,0
DA:18,0
DA:21,0
DA:22,0
DA:23,0
DA:25,0
LF:10
LH:0
end_of_record
SF:lib/src/presentation/widgets/texts/app_texts_extension.dart
DA:6,1
DA:7,3
DA:10,0
DA:11,0
DA:14,1
DA:15,1
DA:16,3
DA:17,4
DA:22,0
DA:23,0
DA:24,0
DA:25,0
DA:30,0
DA:31,0
DA:32,0
DA:33,0
DA:39,0
DA:40,0
DA:41,0
DA:42,0
DA:48,0
DA:49,0
DA:50,0
DA:51,0
DA:56,0
DA:57,0
DA:58,0
DA:59,0
DA:64,0
DA:65,0
DA:66,0
DA:67,0
DA:73,0
DA:74,0
DA:75,0
DA:76,0
DA:81,0
DA:82,0
DA:83,0
DA:84,0
DA:89,1
DA:90,1
DA:91,3
DA:94,2
DA:99,1
DA:100,1
DA:101,3
DA:103,2
DA:108,0
DA:109,0
DA:110,0
DA:112,0
DA:117,0
DA:118,0
DA:119,0
DA:121,0
DA:122,0
DA:123,0
DA:129,1
DA:130,1
DA:131,1
DA:132,1
DA:133,1
DA:135,1
DA:136,1
DA:137,1
DA:138,1
DA:139,1
DA:140,1
DA:141,1
DA:142,1
DA:143,1
DA:144,1
DA:145,1
LF:74
LH:30
end_of_record
